<?xml version="1.0" encoding="UTF-8"?>
<!-- Generated by org.testng.reporters.JUnitReportReporter -->
<testsuite skipped="0" hostname="kruthi-PC" name="amazonE2E.productdetails" tests="1" failures="0" timestamp="2020-07-18T17:17:35 IST" time="113.863" errors="0">
  <testcase name="TC_productdetails_001" time="113.863" classname="amazonE2E.productdetails"/>
  <system-out/>
</testsuite> <!-- amazonE2E.productdetails -->
