<?xml version="1.0" encoding="UTF-8"?>
<!-- Generated by org.testng.reporters.JUnitReportReporter -->
<testsuite skipped="0" hostname="kruthi-PC" name="amazonE2E.Assistantwindow" tests="1" failures="0" timestamp="2020-07-22T22:06:24 IST" time="31.114" errors="0">
  <testcase name="launchpage" time="31.114" classname="amazonE2E.Assistantwindow"/>
  <system-out/>
</testsuite> <!-- amazonE2E.Assistantwindow -->
