<?xml version="1.0" encoding="UTF-8"?>
<!-- Generated by org.testng.reporters.JUnitReportReporter -->
<testsuite skipped="0" hostname="kruthi-PC" name="Homepagetestcase.shoppingbasketpage" tests="1" failures="0" timestamp="2020-07-17T21:07:27 IST" time="27.687" errors="0">
  <testcase name="TC_AZ_Homepage_004" time="27.687" classname="Homepagetestcase.shoppingbasketpage"/>
  <system-out/>
</testsuite> <!-- Homepagetestcase.shoppingbasketpage -->
