<?xml version="1.0" encoding="UTF-8"?>
<!-- Generated by org.testng.reporters.JUnitReportReporter -->
<testsuite skipped="0" hostname="kruthi-PC" name="testcase.responsive" tests="1" failures="0" timestamp="2020-07-25T21:22:21 IST" time="30.373" errors="0">
  <testcase name="productsearch" time="30.373" classname="testcase.responsive"/>
  <system-out/>
</testsuite> <!-- testcase.responsive -->
