<?xml version="1.0" encoding="UTF-8"?>
<!-- Generated by org.testng.reporters.JUnitReportReporter -->
<testsuite skipped="0" hostname="kruthi-PC" name="testcase.logintestcase" tests="1" failures="0" timestamp="2020-07-15T04:04:30 IST" time="12.135" errors="0">
  <testcase name="login" time="12.135" classname="testcase.logintestcase"/>
  <system-out/>
</testsuite> <!-- testcase.logintestcase -->
