<?xml version="1.0" encoding="UTF-8"?>
<!-- Generated by org.testng.reporters.JUnitReportReporter -->
<testsuite skipped="0" hostname="kruthi-PC" name="Homepagetestcase.scrolldown" tests="3" failures="0" timestamp="2020-07-15T23:15:05 IST" time="74.549" errors="0">
  <testcase name="TC_AZ_Homepage_005_2" time="27.368" classname="Homepagetestcase.scrolldown"/>
  <system-out/>
  <testcase name="TC_AZ_Homepage_005" time="20.292" classname="Homepagetestcase.scrolldown"/>
  <system-out/>
  <testcase name="TC_AZ_Homepage_005_1" time="26.889" classname="Homepagetestcase.scrolldown"/>
  <system-out/>
</testsuite> <!-- Homepagetestcase.scrolldown -->
