<?xml version="1.0" encoding="UTF-8"?>
<!-- Generated by org.testng.reporters.JUnitReportReporter -->
<testsuite skipped="0" hostname="kruthi-PC" name="testcase.homepage" tests="1" failures="0" timestamp="2020-07-15T21:50:19 IST" time="19.013" errors="0">
  <testcase name="TC_AZ_Homepage_004" time="19.013" classname="testcase.homepage"/>
  <system-out/>
</testsuite> <!-- testcase.homepage -->
