<?xml version="1.0" encoding="UTF-8"?>
<!-- Generated by org.testng.reporters.JUnitReportReporter -->
<testsuite skipped="0" hostname="kruthi-PC" name="amazonE2E.productsearch" tests="1" failures="0" timestamp="2020-07-18T17:17:35 IST" time="37.596" errors="0">
  <testcase name="productsearch" time="37.596" classname="amazonE2E.productsearch"/>
  <system-out/>
</testsuite> <!-- amazonE2E.productsearch -->
