<?xml version="1.0" encoding="UTF-8"?>
<!-- Generated by org.testng.reporters.JUnitReportReporter -->
<testsuite skipped="0" hostname="kruthi-PC" name="testcase.homepagetestcase" tests="1" failures="0" timestamp="2020-07-15T05:53:13 IST" time="33.125" errors="0">
  <testcase name="searchbox" time="33.125" classname="testcase.homepagetestcase"/>
  <system-out/>
</testsuite> <!-- testcase.homepagetestcase -->
