<?xml version="1.0" encoding="UTF-8"?>
<!-- Generated by org.testng.reporters.JUnitReportReporter -->
<testsuite skipped="0" hostname="kruthi-PC" name="testcase.basepagetest" tests="1" failures="0" timestamp="2020-07-15T06:40:38 IST" time="20.630" errors="0">
  <testcase name="firsttest" time="20.630" classname="testcase.basepagetest"/>
  <system-out/>
</testsuite> <!-- testcase.basepagetest -->
