<?xml version="1.0" encoding="UTF-8"?>
<!-- Generated by org.testng.reporters.JUnitReportReporter -->
<testsuite skipped="0" hostname="kruthi-PC" name="amazonE2E.Listofproducts" tests="1" failures="0" timestamp="2020-07-18T23:08:16 IST" time="71.945" errors="0">
  <testcase name="TC_productdlist_001" time="71.945" classname="amazonE2E.Listofproducts"/>
  <system-out/>
</testsuite> <!-- amazonE2E.Listofproducts -->
