<?xml version="1.0" encoding="UTF-8"?>
<!-- Generated by org.testng.reporters.JUnitReportReporter -->
<testsuite skipped="0" hostname="kruthi-PC" name="Homepagetestcase.searchbox" tests="1" failures="0" timestamp="2020-07-25T19:52:55 IST" time="25.362" errors="0">
  <testcase name="TC_AZ_Homepage_005" time="25.362" classname="Homepagetestcase.searchbox"/>
  <system-out/>
</testsuite> <!-- Homepagetestcase.searchbox -->
