<?xml version="1.0" encoding="UTF-8"?>
<!-- Generated by org.testng.reporters.JUnitReportReporter -->
<testsuite skipped="0" hostname="kruthi-PC" name="Homepagetestcase.signinbutton" tests="1" failures="0" timestamp="2020-07-16T01:49:12 IST" time="35.794" errors="0">
  <testcase name="TC_AZ_Homepage_004" time="35.794" classname="Homepagetestcase.signinbutton"/>
  <system-out/>
</testsuite> <!-- Homepagetestcase.signinbutton -->
