<?xml version="1.0" encoding="UTF-8"?>
<!-- Generated by org.testng.reporters.JUnitReportReporter -->
<testsuite skipped="0" hostname="kruthi-PC" name="search.withoutttext" tests="1" failures="0" timestamp="2020-07-16T02:32:40 IST" time="29.673" errors="0">
  <testcase name="TC_AZ_serach_001" time="29.673" classname="search.withoutttext"/>
  <system-out/>
</testsuite> <!-- search.withoutttext -->
