<?xml version="1.0" encoding="UTF-8"?>
<!-- Generated by org.testng.reporters.JUnitReportReporter -->
<testsuite skipped="0" hostname="kruthi-PC" name="amazonE2E.Addtocart" tests="1" failures="0" timestamp="2020-07-18T16:47:18 IST" time="61.369" errors="0">
  <testcase name="TC_AddtoBasket_001" time="61.369" classname="amazonE2E.Addtocart"/>
  <system-out/>
</testsuite> <!-- amazonE2E.Addtocart -->
